01:29:19 [INFO] Loaded 24592 bytes from ROM
01:29:19 [INFO] Program ROM size: 16 kb
01:29:19 [INFO] Copying 16384 bytes
01:29:19 [INFO] Mapper type: 0
01:29:19 [INFO] C000  004C			A:00 X:00 Y:00 P:24 SP:FD PPU:  0, 0 CYC:0
01:29:19 [INFO] C5F5  00A2			A:00 X:00 Y:00 P:24 SP:FD PPU:  0, 0 CYC:3
01:29:19 [INFO] C5F7  0086			A:00 X:00 Y:00 P:26 SP:FD PPU:  0, 0 CYC:5
01:29:19 [INFO] C5F9  0086			A:00 X:00 Y:00 P:26 SP:FD PPU:  0, 0 CYC:8
01:29:19 [INFO] C5FB  0086			A:00 X:00 Y:00 P:26 SP:FD PPU:  0, 0 CYC:11
01:29:19 [INFO] C5FD  0020			A:00 X:00 Y:00 P:26 SP:FD PPU:  0, 0 CYC:14
01:29:19 [INFO] C72D  00EA			A:00 X:00 Y:00 P:26 SP:FB PPU:  0, 0 CYC:20
01:29:19 [INFO] C72E  0038			A:00 X:00 Y:00 P:26 SP:FB PPU:  0, 0 CYC:22
01:29:19 [INFO] C72F  00B0			A:00 X:00 Y:00 P:27 SP:FB PPU:  0, 0 CYC:24
01:29:19 [INFO] C735  00EA			A:00 X:00 Y:00 P:27 SP:FB PPU:  0, 0 CYC:27
01:29:19 [INFO] C736  0018			A:00 X:00 Y:00 P:27 SP:FB PPU:  0, 0 CYC:29
01:29:19 [INFO] C737  00B0			A:00 X:00 Y:00 P:26 SP:FB PPU:  0, 0 CYC:31
01:29:19 [INFO] C739  004C			A:00 X:00 Y:00 P:26 SP:FB PPU:  0, 0 CYC:33
01:29:19 [INFO] C740  00EA			A:00 X:00 Y:00 P:26 SP:FB PPU:  0, 0 CYC:36
01:29:19 [INFO] C741  0038			A:00 X:00 Y:00 P:26 SP:FB PPU:  0, 0 CYC:38
01:29:19 [INFO] C742  0090			A:00 X:00 Y:00 P:27 SP:FB PPU:  0, 0 CYC:40
01:29:19 [INFO] C744  004C			A:00 X:00 Y:00 P:27 SP:FB PPU:  0, 0 CYC:42
01:29:19 [INFO] C74B  00EA			A:00 X:00 Y:00 P:27 SP:FB PPU:  0, 0 CYC:45
01:29:19 [INFO] C74C  0018			A:00 X:00 Y:00 P:27 SP:FB PPU:  0, 0 CYC:47
01:29:19 [INFO] C74D  0090			A:00 X:00 Y:00 P:26 SP:FB PPU:  0, 0 CYC:49
01:29:19 [INFO] C753  00EA			A:00 X:00 Y:00 P:26 SP:FB PPU:  0, 0 CYC:52
01:29:19 [INFO] C754  00A9			A:00 X:00 Y:00 P:26 SP:FB PPU:  0, 0 CYC:54
01:29:19 [INFO] C756  00F0			A:00 X:00 Y:00 P:26 SP:FB PPU:  0, 0 CYC:56
01:29:19 [INFO] C75C  00EA			A:00 X:00 Y:00 P:26 SP:FB PPU:  0, 0 CYC:59
01:29:19 [INFO] C75D  00A9			A:00 X:00 Y:00 P:26 SP:FB PPU:  0, 0 CYC:61
01:29:19 [INFO] C75F  00F0			A:40 X:00 Y:00 P:24 SP:FB PPU:  0, 0 CYC:63
01:29:19 [INFO] C761  004C			A:40 X:00 Y:00 P:24 SP:FB PPU:  0, 0 CYC:65
01:29:19 [INFO] C768  00EA			A:40 X:00 Y:00 P:24 SP:FB PPU:  0, 0 CYC:68
01:29:19 [INFO] C769  00A9			A:40 X:00 Y:00 P:24 SP:FB PPU:  0, 0 CYC:70
01:29:19 [INFO] C76B  00D0			A:40 X:00 Y:00 P:24 SP:FB PPU:  0, 0 CYC:72
01:29:19 [INFO] C771  00EA			A:40 X:00 Y:00 P:24 SP:FB PPU:  0, 0 CYC:75
01:29:19 [INFO] C772  00A9			A:40 X:00 Y:00 P:24 SP:FB PPU:  0, 0 CYC:77
01:29:19 [INFO] C774  00D0			A:00 X:00 Y:00 P:26 SP:FB PPU:  0, 0 CYC:79
01:29:19 [INFO] C776  004C			A:00 X:00 Y:00 P:26 SP:FB PPU:  0, 0 CYC:81
01:29:19 [INFO] C77D  00EA			A:00 X:00 Y:00 P:26 SP:FB PPU:  0, 0 CYC:84
01:29:19 [INFO] C77E  00A9			A:00 X:00 Y:00 P:26 SP:FB PPU:  0, 0 CYC:86
01:29:19 [INFO] C780  0085			A:FF X:00 Y:00 P:A4 SP:FB PPU:  0, 0 CYC:88
01:29:19 [INFO] C782  0024			A:FF X:00 Y:00 P:A4 SP:FB PPU:  0, 0 CYC:91
01:29:19 [INFO] C784  0070			A:FF X:00 Y:00 P:E4 SP:FB PPU:  0, 0 CYC:94
01:29:19 [INFO] C78A  00EA			A:FF X:00 Y:00 P:E4 SP:FB PPU:  0, 0 CYC:97
01:29:19 [INFO] C78B  0024			A:FF X:00 Y:00 P:E4 SP:FB PPU:  0, 0 CYC:99
01:29:19 [INFO] C78D  0050			A:FF X:00 Y:00 P:E4 SP:FB PPU:  0, 0 CYC:102
01:29:19 [INFO] C78F  004C			A:FF X:00 Y:00 P:E4 SP:FB PPU:  0, 0 CYC:104
01:29:19 [INFO] C796  00EA			A:FF X:00 Y:00 P:E4 SP:FB PPU:  0, 0 CYC:107
01:29:19 [INFO] C797  00A9			A:FF X:00 Y:00 P:E4 SP:FB PPU:  0, 0 CYC:109
01:29:19 [INFO] C799  0085			A:00 X:00 Y:00 P:66 SP:FB PPU:  0, 0 CYC:111
01:29:19 [INFO] C79B  0024			A:00 X:00 Y:00 P:66 SP:FB PPU:  0, 0 CYC:114
01:29:19 [INFO] C79D  0050			A:00 X:00 Y:00 P:26 SP:FB PPU:  0, 0 CYC:117
01:29:19 [INFO] C7A3  00EA			A:00 X:00 Y:00 P:26 SP:FB PPU:  0, 0 CYC:120
01:29:19 [INFO] C7A4  0024			A:00 X:00 Y:00 P:26 SP:FB PPU:  0, 0 CYC:122
01:29:19 [INFO] C7A6  0070			A:00 X:00 Y:00 P:26 SP:FB PPU:  0, 0 CYC:125
01:29:19 [INFO] C7A8  004C			A:00 X:00 Y:00 P:26 SP:FB PPU:  0, 0 CYC:127
01:29:19 [INFO] C7AF  00EA			A:00 X:00 Y:00 P:26 SP:FB PPU:  0, 0 CYC:130
01:29:19 [INFO] C7B0  00A9			A:00 X:00 Y:00 P:26 SP:FB PPU:  0, 0 CYC:132
01:29:19 [INFO] C7B2  0010			A:00 X:00 Y:00 P:26 SP:FB PPU:  0, 0 CYC:134
01:29:19 [INFO] C7B8  00EA			A:00 X:00 Y:00 P:26 SP:FB PPU:  0, 0 CYC:137
01:29:19 [INFO] C7B9  00A9			A:00 X:00 Y:00 P:26 SP:FB PPU:  0, 0 CYC:139
01:29:19 [INFO] C7BB  0010			A:80 X:00 Y:00 P:A4 SP:FB PPU:  0, 0 CYC:141
01:29:19 [INFO] C7BD  004C			A:80 X:00 Y:00 P:A4 SP:FB PPU:  0, 0 CYC:143
01:29:19 [INFO] C7D9  00EA			A:80 X:00 Y:00 P:A4 SP:FB PPU:  0, 0 CYC:146
01:29:19 [INFO] C7DA  0060			A:80 X:00 Y:00 P:A4 SP:FB PPU:  0, 0 CYC:148
01:29:19 [ERROR] 0 c6
01:29:19 [INFO] C600  0020			A:80 X:00 Y:00 P:A4 SP:FD PPU:  0, 0 CYC:154
01:29:19 [INFO] C7DB  00EA			A:80 X:00 Y:00 P:A4 SP:FB PPU:  0, 0 CYC:160
01:29:19 [INFO] C7DC  00A9			A:80 X:00 Y:00 P:A4 SP:FB PPU:  0, 0 CYC:162
01:29:19 [INFO] C7DE  0085			A:FF X:00 Y:00 P:A4 SP:FB PPU:  0, 0 CYC:164
01:29:19 [INFO] C7E0  0024			A:FF X:00 Y:00 P:A4 SP:FB PPU:  0, 0 CYC:167
01:29:19 [INFO] C7E2  00A9			A:FF X:00 Y:00 P:E4 SP:FB PPU:  0, 0 CYC:170
01:29:19 [INFO] C7E4  0038			A:00 X:00 Y:00 P:66 SP:FB PPU:  0, 0 CYC:172
01:29:19 [INFO] C7E5  0078			A:00 X:00 Y:00 P:67 SP:FB PPU:  0, 0 CYC:174
01:29:19 [INFO] C7E6  00F8			A:00 X:00 Y:00 P:67 SP:FB PPU:  0, 0 CYC:176
01:29:19 [INFO] C7E7  0008			A:00 X:00 Y:00 P:6F SP:FB PPU:  0, 0 CYC:178
01:29:19 [INFO] C7E8  0068			A:00 X:00 Y:00 P:6F SP:FA PPU:  0, 0 CYC:181
01:29:19 [INFO] C7E9  0029			A:7F X:00 Y:00 P:6D SP:FB PPU:  0, 0 CYC:185
01:29:19 [INFO] C7EB  00C9			A:6F X:00 Y:00 P:6D SP:FB PPU:  0, 0 CYC:187
01:29:19 [INFO] C7ED  00F0			A:6F X:00 Y:00 P:6F SP:FB PPU:  0, 0 CYC:189
01:29:19 [INFO] C7F3  00EA			A:6F X:00 Y:00 P:6F SP:FB PPU:  0, 0 CYC:192
01:29:19 [INFO] C7F4  00A9			A:6F X:00 Y:00 P:6F SP:FB PPU:  0, 0 CYC:194
01:29:19 [INFO] C7F6  0085			A:40 X:00 Y:00 P:6D SP:FB PPU:  0, 0 CYC:196
01:29:19 [INFO] C7F8  0024			A:40 X:00 Y:00 P:6D SP:FB PPU:  0, 0 CYC:199
01:29:19 [INFO] C7FA  00D8			A:40 X:00 Y:00 P:6D SP:FB PPU:  0, 0 CYC:202
01:29:19 [INFO] C7FB  00A9			A:40 X:00 Y:00 P:65 SP:FB PPU:  0, 0 CYC:204
01:29:19 [INFO] C7FD  0018			A:10 X:00 Y:00 P:65 SP:FB PPU:  0, 0 CYC:206
01:29:19 [INFO] C7FE  0008			A:10 X:00 Y:00 P:64 SP:FB PPU:  0, 0 CYC:208
01:29:19 [INFO] C7FF  0068			A:10 X:00 Y:00 P:64 SP:FA PPU:  0, 0 CYC:211
01:29:19 [INFO] C800  0029			A:74 X:00 Y:00 P:64 SP:FB PPU:  0, 0 CYC:215
01:29:19 [INFO] C802  00C9			A:64 X:00 Y:00 P:64 SP:FB PPU:  0, 0 CYC:217
01:29:19 [INFO] C804  00F0			A:64 X:00 Y:00 P:67 SP:FB PPU:  0, 0 CYC:219
01:29:19 [INFO] C80A  00EA			A:64 X:00 Y:00 P:67 SP:FB PPU:  0, 0 CYC:222
01:29:19 [INFO] C80B  00A9			A:64 X:00 Y:00 P:67 SP:FB PPU:  0, 0 CYC:224
01:29:19 [INFO] C80D  0085			A:80 X:00 Y:00 P:E5 SP:FB PPU:  0, 0 CYC:226
01:29:19 [INFO] C80F  0024			A:80 X:00 Y:00 P:E5 SP:FB PPU:  0, 0 CYC:229
01:29:19 [INFO] C811  00F8			A:80 X:00 Y:00 P:A5 SP:FB PPU:  0, 0 CYC:232
01:29:19 [INFO] C812  00A9			A:80 X:00 Y:00 P:AD SP:FB PPU:  0, 0 CYC:234
01:29:19 [INFO] C814  0038			A:00 X:00 Y:00 P:2F SP:FB PPU:  0, 0 CYC:236
01:29:19 [INFO] C815  0008			A:00 X:00 Y:00 P:2F SP:FB PPU:  0, 0 CYC:238
01:29:19 [INFO] C816  0068			A:00 X:00 Y:00 P:2F SP:FA PPU:  0, 0 CYC:241
01:29:19 [INFO] C817  0029			A:3F X:00 Y:00 P:2D SP:FB PPU:  0, 0 CYC:245
01:29:19 [INFO] C819  00C9			A:2F X:00 Y:00 P:2D SP:FB PPU:  0, 0 CYC:247
01:29:19 [INFO] C81B  00F0			A:2F X:00 Y:00 P:2F SP:FB PPU:  0, 0 CYC:249
01:29:19 [INFO] C821  00EA			A:2F X:00 Y:00 P:2F SP:FB PPU:  0, 0 CYC:252
01:29:19 [INFO] C822  00A9			A:2F X:00 Y:00 P:2F SP:FB PPU:  0, 0 CYC:254
01:29:19 [INFO] C824  0048			A:FF X:00 Y:00 P:AD SP:FB PPU:  0, 0 CYC:256
01:29:19 [INFO] C825  0028			A:FF X:00 Y:00 P:AD SP:FA PPU:  0, 0 CYC:259
01:29:19 [INFO] C826  00D0			A:FF X:00 Y:00 P:EF SP:FB PPU:  0, 0 CYC:263
01:29:19 [INFO] C828  0010			A:FF X:00 Y:00 P:EF SP:FB PPU:  0, 0 CYC:265
01:29:19 [INFO] C82A  0050			A:FF X:00 Y:00 P:EF SP:FB PPU:  0, 0 CYC:267
01:29:19 [INFO] C82C  0090			A:FF X:00 Y:00 P:EF SP:FB PPU:  0, 0 CYC:269
01:29:19 [INFO] C82E  004C			A:FF X:00 Y:00 P:EF SP:FB PPU:  0, 0 CYC:271
01:29:19 [INFO] C835  00EA			A:FF X:00 Y:00 P:EF SP:FB PPU:  0, 0 CYC:274
01:29:19 [INFO] C836  00A9			A:FF X:00 Y:00 P:EF SP:FB PPU:  0, 0 CYC:276
01:29:19 [INFO] C838  0048			A:04 X:00 Y:00 P:6D SP:FB PPU:  0, 0 CYC:278
01:29:19 [INFO] C839  0028			A:04 X:00 Y:00 P:6D SP:FA PPU:  0, 0 CYC:281
01:29:19 [INFO] C83A  00F0			A:04 X:00 Y:00 P:24 SP:FB PPU:  0, 0 CYC:285
01:29:19 [INFO] C83C  0030			A:04 X:00 Y:00 P:24 SP:FB PPU:  0, 0 CYC:287
01:29:19 [INFO] C83E  0070			A:04 X:00 Y:00 P:24 SP:FB PPU:  0, 0 CYC:289
01:29:19 [INFO] C840  00B0			A:04 X:00 Y:00 P:24 SP:FB PPU:  0, 0 CYC:291
01:29:19 [INFO] C842  004C			A:04 X:00 Y:00 P:24 SP:FB PPU:  0, 0 CYC:293
01:29:19 [INFO] C849  00EA			A:04 X:00 Y:00 P:24 SP:FB PPU:  0, 0 CYC:296
01:29:19 [INFO] C84A  00F8			A:04 X:00 Y:00 P:24 SP:FB PPU:  0, 0 CYC:298
01:29:19 [INFO] C84B  00A9			A:04 X:00 Y:00 P:2C SP:FB PPU:  0, 0 CYC:300
01:29:19 [INFO] C84D  0085			A:FF X:00 Y:00 P:AC SP:FB PPU:  0, 0 CYC:302
01:29:19 [INFO] C84F  0024			A:FF X:00 Y:00 P:AC SP:FB PPU:  0, 0 CYC:305
01:29:19 [INFO] C851  0018			A:FF X:00 Y:00 P:EC SP:FB PPU:  0, 0 CYC:308
01:29:19 [INFO] C852  00A9			A:FF X:00 Y:00 P:EC SP:FB PPU:  0, 0 CYC:310
01:29:19 [INFO] C854  0048			A:00 X:00 Y:00 P:6E SP:FB PPU:  0, 0 CYC:312
01:29:19 [INFO] C855  00A9			A:00 X:00 Y:00 P:6E SP:FA PPU:  0, 0 CYC:315
01:29:19 [INFO] C857  0068			A:FF X:00 Y:00 P:EC SP:FA PPU:  0, 0 CYC:317
01:29:19 [INFO] C858  00D0			A:00 X:00 Y:00 P:6E SP:FB PPU:  0, 0 CYC:321
01:29:19 [INFO] C85A  0030			A:00 X:00 Y:00 P:6E SP:FB PPU:  0, 0 CYC:323
01:29:19 [INFO] C85C  0050			A:00 X:00 Y:00 P:6E SP:FB PPU:  0, 0 CYC:325
01:29:19 [INFO] C85E  00B0			A:00 X:00 Y:00 P:6E SP:FB PPU:  0, 0 CYC:327
01:29:19 [INFO] C860  004C			A:00 X:00 Y:00 P:6E SP:FB PPU:  0, 0 CYC:329
01:29:19 [INFO] C867  00EA			A:00 X:00 Y:00 P:6E SP:FB PPU:  0, 0 CYC:332
01:29:19 [INFO] C868  00A9			A:00 X:00 Y:00 P:6E SP:FB PPU:  0, 0 CYC:334
01:29:19 [INFO] C86A  0085			A:00 X:00 Y:00 P:6E SP:FB PPU:  0, 0 CYC:336
01:29:19 [INFO] C86C  0024			A:00 X:00 Y:00 P:6E SP:FB PPU:  0, 0 CYC:339
01:29:19 [INFO] C86E  0038			A:00 X:00 Y:00 P:2E SP:FB PPU:  0, 0 CYC:342
01:29:19 [INFO] C86F  00A9			A:00 X:00 Y:00 P:2F SP:FB PPU:  0, 0 CYC:344
01:29:19 [INFO] C871  0048			A:FF X:00 Y:00 P:AD SP:FB PPU:  0, 0 CYC:346
01:29:19 [INFO] C872  00A9			A:FF X:00 Y:00 P:AD SP:FA PPU:  0, 0 CYC:349
01:29:19 [INFO] C874  0068			A:00 X:00 Y:00 P:2F SP:FA PPU:  0, 0 CYC:351
01:29:19 [INFO] C875  00F0			A:FF X:00 Y:00 P:AD SP:FB PPU:  0, 0 CYC:355
01:29:19 [INFO] C877  0010			A:FF X:00 Y:00 P:AD SP:FB PPU:  0, 0 CYC:357
01:29:19 [INFO] C879  0070			A:FF X:00 Y:00 P:AD SP:FB PPU:  0, 0 CYC:359
01:29:19 [INFO] C87B  0090			A:FF X:00 Y:00 P:AD SP:FB PPU:  0, 0 CYC:361
01:29:19 [INFO] C87D  004C			A:FF X:00 Y:00 P:AD SP:FB PPU:  0, 0 CYC:363
01:29:19 [INFO] C884  0060			A:FF X:00 Y:00 P:AD SP:FB PPU:  0, 0 CYC:366
01:29:19 [ERROR] 3 c6
01:29:19 [INFO] C603  0020			A:FF X:00 Y:00 P:AD SP:FD PPU:  0, 0 CYC:372
01:29:19 [INFO] C885  00EA			A:FF X:00 Y:00 P:AD SP:FB PPU:  0, 0 CYC:378
01:29:19 [INFO] C886  0018			A:FF X:00 Y:00 P:AD SP:FB PPU:  0, 0 CYC:380
01:29:19 [INFO] C887  00A9			A:FF X:00 Y:00 P:AC SP:FB PPU:  0, 0 CYC:382
01:29:19 [INFO] C889  0085			A:FF X:00 Y:00 P:AC SP:FB PPU:  0, 0 CYC:384
01:29:19 [INFO] C88B  0024			A:FF X:00 Y:00 P:AC SP:FB PPU:  0, 0 CYC:387
01:29:19 [INFO] C88D  00A9			A:FF X:00 Y:00 P:EC SP:FB PPU:  0, 0 CYC:390
01:29:19 [INFO] C88F  0009			A:55 X:00 Y:00 P:6C SP:FB PPU:  0, 0 CYC:392
01:29:19 [INFO] C891  00B0			A:FF X:00 Y:00 P:EC SP:FB PPU:  0, 0 CYC:394
01:29:19 [INFO] C893  0010			A:FF X:00 Y:00 P:EC SP:FB PPU:  0, 0 CYC:396
01:29:19 [INFO] C895  00C9			A:FF X:00 Y:00 P:EC SP:FB PPU:  0, 0 CYC:398
01:29:19 [INFO] C897  00D0			A:FF X:00 Y:00 P:6F SP:FB PPU:  0, 0 CYC:400
01:29:19 [INFO] C899  0050			A:FF X:00 Y:00 P:6F SP:FB PPU:  0, 0 CYC:402
01:29:19 [INFO] C89B  004C			A:FF X:00 Y:00 P:6F SP:FB PPU:  0, 0 CYC:404
01:29:19 [INFO] C8A2  00EA			A:FF X:00 Y:00 P:6F SP:FB PPU:  0, 0 CYC:407
01:29:19 [INFO] C8A3  0038			A:FF X:00 Y:00 P:6F SP:FB PPU:  0, 0 CYC:409
01:29:19 [INFO] C8A4  00B8			A:FF X:00 Y:00 P:6F SP:FB PPU:  0, 0 CYC:411
01:29:19 [INFO] C8A5  00A9			A:FF X:00 Y:00 P:2F SP:FB PPU:  0, 0 CYC:413
01:29:19 [INFO] C8A7  0009			A:00 X:00 Y:00 P:2F SP:FB PPU:  0, 0 CYC:415
01:29:19 [INFO] C8A9  00D0			A:00 X:00 Y:00 P:2F SP:FB PPU:  0, 0 CYC:417
01:29:19 [INFO] C8AB  0070			A:00 X:00 Y:00 P:2F SP:FB PPU:  0, 0 CYC:419
01:29:19 [INFO] C8AD  0090			A:00 X:00 Y:00 P:2F SP:FB PPU:  0, 0 CYC:421
01:29:19 [INFO] C8AF  0030			A:00 X:00 Y:00 P:2F SP:FB PPU:  0, 0 CYC:423
01:29:19 [INFO] C8B1  004C			A:00 X:00 Y:00 P:2F SP:FB PPU:  0, 0 CYC:425
01:29:19 [INFO] C8B8  00EA			A:00 X:00 Y:00 P:2F SP:FB PPU:  0, 0 CYC:428
01:29:19 [INFO] C8B9  0018			A:00 X:00 Y:00 P:2F SP:FB PPU:  0, 0 CYC:430
01:29:19 [INFO] C8BA  0024			A:00 X:00 Y:00 P:2E SP:FB PPU:  0, 0 CYC:432
01:29:19 [INFO] C8BC  00A9			A:00 X:00 Y:00 P:EE SP:FB PPU:  0, 0 CYC:435
01:29:19 [INFO] C8BE  0029			A:55 X:00 Y:00 P:6C SP:FB PPU:  0, 0 CYC:437
01:29:19 [INFO] C8C0  00D0			A:00 X:00 Y:00 P:6E SP:FB PPU:  0, 0 CYC:439
01:29:19 [INFO] C8C2  0050			A:00 X:00 Y:00 P:6E SP:FB PPU:  0, 0 CYC:441
01:29:19 [INFO] C8C4  00B0			A:00 X:00 Y:00 P:6E SP:FB PPU:  0, 0 CYC:443
01:29:19 [INFO] C8C6  0030			A:00 X:00 Y:00 P:6E SP:FB PPU:  0, 0 CYC:445
01:29:19 [INFO] C8C8  004C			A:00 X:00 Y:00 P:6E SP:FB PPU:  0, 0 CYC:447
01:29:19 [INFO] C8CF  00EA			A:00 X:00 Y:00 P:6E SP:FB PPU:  0, 0 CYC:450
01:29:19 [INFO] C8D0  0038			A:00 X:00 Y:00 P:6E SP:FB PPU:  0, 0 CYC:452
01:29:19 [INFO] C8D1  00B8			A:00 X:00 Y:00 P:6F SP:FB PPU:  0, 0 CYC:454
01:29:19 [INFO] C8D2  00A9			A:00 X:00 Y:00 P:2F SP:FB PPU:  0, 0 CYC:456
01:29:19 [INFO] C8D4  0029			A:F8 X:00 Y:00 P:AD SP:FB PPU:  0, 0 CYC:458
01:29:19 [INFO] C8D6  0090			A:E8 X:00 Y:00 P:AD SP:FB PPU:  0, 0 CYC:460
01:29:19 [INFO] C8D8  0010			A:E8 X:00 Y:00 P:AD SP:FB PPU:  0, 0 CYC:462
01:29:19 [INFO] C8DA  00C9			A:E8 X:00 Y:00 P:AD SP:FB PPU:  0, 0 CYC:464
01:29:19 [INFO] C8DC  00D0			A:E8 X:00 Y:00 P:2F SP:FB PPU:  0, 0 CYC:466
01:29:19 [INFO] C8DE  0070			A:E8 X:00 Y:00 P:2F SP:FB PPU:  0, 0 CYC:468
01:29:19 [INFO] C8E0  004C			A:E8 X:00 Y:00 P:2F SP:FB PPU:  0, 0 CYC:470
01:29:19 [INFO] C8E7  00EA			A:E8 X:00 Y:00 P:2F SP:FB PPU:  0, 0 CYC:473
01:29:19 [INFO] C8E8  0018			A:E8 X:00 Y:00 P:2F SP:FB PPU:  0, 0 CYC:475
01:29:19 [INFO] C8E9  0024			A:E8 X:00 Y:00 P:2E SP:FB PPU:  0, 0 CYC:477
01:29:19 [INFO] C8EB  00A9			A:E8 X:00 Y:00 P:EC SP:FB PPU:  0, 0 CYC:480
01:29:19 [INFO] C8ED  0049			A:5F X:00 Y:00 P:6C SP:FB PPU:  0, 0 CYC:482
01:29:19 [INFO] C8EF  00B0			A:F5 X:00 Y:00 P:EC SP:FB PPU:  0, 0 CYC:484
01:29:19 [INFO] C8F1  0010			A:F5 X:00 Y:00 P:EC SP:FB PPU:  0, 0 CYC:486
01:29:19 [INFO] C8F3  00C9			A:F5 X:00 Y:00 P:EC SP:FB PPU:  0, 0 CYC:488
01:29:19 [INFO] C8F5  00D0			A:F5 X:00 Y:00 P:6F SP:FB PPU:  0, 0 CYC:490
01:29:19 [INFO] C8F7  0050			A:F5 X:00 Y:00 P:6F SP:FB PPU:  0, 0 CYC:492
01:29:19 [INFO] C8F9  004C			A:F5 X:00 Y:00 P:6F SP:FB PPU:  0, 0 CYC:494
01:29:19 [INFO] C900  00EA			A:F5 X:00 Y:00 P:6F SP:FB PPU:  0, 0 CYC:497
01:29:19 [INFO] C901  0038			A:F5 X:00 Y:00 P:6F SP:FB PPU:  0, 0 CYC:499
01:29:19 [INFO] C902  00B8			A:F5 X:00 Y:00 P:6F SP:FB PPU:  0, 0 CYC:501
01:29:19 [INFO] C903  00A9			A:F5 X:00 Y:00 P:2F SP:FB PPU:  0, 0 CYC:503
01:29:19 [INFO] C905  0049			A:70 X:00 Y:00 P:2D SP:FB PPU:  0, 0 CYC:505
01:29:19 [INFO] C907  00D0			A:00 X:00 Y:00 P:2F SP:FB PPU:  0, 0 CYC:507
01:29:19 [INFO] C909  0070			A:00 X:00 Y:00 P:2F SP:FB PPU:  0, 0 CYC:509
01:29:19 [INFO] C90B  0090			A:00 X:00 Y:00 P:2F SP:FB PPU:  0, 0 CYC:511
01:29:19 [INFO] C90D  0030			A:00 X:00 Y:00 P:2F SP:FB PPU:  0, 0 CYC:513
01:29:19 [INFO] C90F  004C			A:00 X:00 Y:00 P:2F SP:FB PPU:  0, 0 CYC:515
01:29:19 [INFO] C916  00EA			A:00 X:00 Y:00 P:2F SP:FB PPU:  0, 0 CYC:518
01:29:19 [INFO] C917  0018			A:00 X:00 Y:00 P:2F SP:FB PPU:  0, 0 CYC:520
01:29:19 [INFO] C918  0024			A:00 X:00 Y:00 P:2E SP:FB PPU:  0, 0 CYC:522
01:29:19 [INFO] C91A  00A9			A:00 X:00 Y:00 P:EE SP:FB PPU:  0, 0 CYC:525
01:29:19 [INFO] C91C  0069			A:00 X:00 Y:00 P:6E SP:FB PPU:  0, 0 CYC:527
01:29:19 [INFO] C91E  0030			A:69 X:00 Y:00 P:2C SP:FB PPU:  0, 0 CYC:529
01:29:19 [INFO] C920  00B0			A:69 X:00 Y:00 P:2C SP:FB PPU:  0, 0 CYC:531
01:29:19 [INFO] C922  00C9			A:69 X:00 Y:00 P:2C SP:FB PPU:  0, 0 CYC:533
01:29:19 [INFO] C924  00D0			A:69 X:00 Y:00 P:2F SP:FB PPU:  0, 0 CYC:535
01:29:19 [INFO] C926  0070			A:69 X:00 Y:00 P:2F SP:FB PPU:  0, 0 CYC:537
01:29:19 [INFO] C928  004C			A:69 X:00 Y:00 P:2F SP:FB PPU:  0, 0 CYC:539
01:29:19 [INFO] C92F  00EA			A:69 X:00 Y:00 P:2F SP:FB PPU:  0, 0 CYC:542
01:29:19 [INFO] C930  0038			A:69 X:00 Y:00 P:2F SP:FB PPU:  0, 0 CYC:544
01:29:19 [INFO] C931  00F8			A:69 X:00 Y:00 P:2F SP:FB PPU:  0, 0 CYC:546
01:29:19 [INFO] C932  0024			A:69 X:00 Y:00 P:2F SP:FB PPU:  0, 0 CYC:548
01:29:19 [INFO] C934  00A9			A:69 X:00 Y:00 P:ED SP:FB PPU:  0, 0 CYC:551
01:29:19 [INFO] C936  0069			A:01 X:00 Y:00 P:6D SP:FB PPU:  0, 0 CYC:553
01:29:19 [INFO] C938  0030			A:6B X:00 Y:00 P:2C SP:FB PPU:  0, 0 CYC:555
01:29:19 [INFO] C93A  00B0			A:6B X:00 Y:00 P:2C SP:FB PPU:  0, 0 CYC:557
01:29:19 [INFO] C93C  00C9			A:6B X:00 Y:00 P:2C SP:FB PPU:  0, 0 CYC:559
01:29:19 [INFO] C93E  00D0			A:6B X:00 Y:00 P:2F SP:FB PPU:  0, 0 CYC:561
01:29:19 [INFO] C940  0070			A:6B X:00 Y:00 P:2F SP:FB PPU:  0, 0 CYC:563
01:29:19 [INFO] C942  004C			A:6B X:00 Y:00 P:2F SP:FB PPU:  0, 0 CYC:565
01:29:19 [INFO] C949  00EA			A:6B X:00 Y:00 P:2F SP:FB PPU:  0, 0 CYC:568
01:29:19 [INFO] C94A  00D8			A:6B X:00 Y:00 P:2F SP:FB PPU:  0, 0 CYC:570
01:29:19 [INFO] C94B  0038			A:6B X:00 Y:00 P:27 SP:FB PPU:  0, 0 CYC:572
01:29:19 [INFO] C94C  00B8			A:6B X:00 Y:00 P:27 SP:FB PPU:  0, 0 CYC:574
01:29:19 [INFO] C94D  00A9			A:6B X:00 Y:00 P:27 SP:FB PPU:  0, 0 CYC:576
01:29:19 [INFO] C94F  0069			A:7F X:00 Y:00 P:25 SP:FB PPU:  0, 0 CYC:578
01:29:19 [INFO] C951  0010			A:FF X:00 Y:00 P:E4 SP:FB PPU:  0, 0 CYC:580
01:29:19 [INFO] C953  00B0			A:FF X:00 Y:00 P:E4 SP:FB PPU:  0, 0 CYC:582
01:29:19 [INFO] C955  00C9			A:FF X:00 Y:00 P:E4 SP:FB PPU:  0, 0 CYC:584
01:29:19 [INFO] C957  00D0			A:FF X:00 Y:00 P:67 SP:FB PPU:  0, 0 CYC:586
01:29:19 [INFO] C959  0050			A:FF X:00 Y:00 P:67 SP:FB PPU:  0, 0 CYC:588
01:29:19 [INFO] C95B  004C			A:FF X:00 Y:00 P:67 SP:FB PPU:  0, 0 CYC:590
01:29:19 [INFO] C962  00EA			A:FF X:00 Y:00 P:67 SP:FB PPU:  0, 0 CYC:593
01:29:19 [INFO] C963  0018			A:FF X:00 Y:00 P:67 SP:FB PPU:  0, 0 CYC:595
01:29:19 [INFO] C964  0024			A:FF X:00 Y:00 P:66 SP:FB PPU:  0, 0 CYC:597
01:29:19 [INFO] C966  00A9			A:FF X:00 Y:00 P:E4 SP:FB PPU:  0, 0 CYC:600
01:29:19 [INFO] C968  0069			A:7F X:00 Y:00 P:64 SP:FB PPU:  0, 0 CYC:602
01:29:19 [INFO] C96A  0010			A:FF X:00 Y:00 P:A4 SP:FB PPU:  0, 0 CYC:604
01:29:19 [INFO] C96C  00B0			A:FF X:00 Y:00 P:A4 SP:FB PPU:  0, 0 CYC:606
01:29:19 [INFO] C96E  00C9			A:FF X:00 Y:00 P:A4 SP:FB PPU:  0, 0 CYC:608
01:29:19 [INFO] C970  00D0			A:FF X:00 Y:00 P:27 SP:FB PPU:  0, 0 CYC:610
01:29:19 [INFO] C972  0070			A:FF X:00 Y:00 P:27 SP:FB PPU:  0, 0 CYC:612
01:29:19 [INFO] C974  004C			A:FF X:00 Y:00 P:27 SP:FB PPU:  0, 0 CYC:614
01:29:19 [INFO] C97B  00EA			A:FF X:00 Y:00 P:27 SP:FB PPU:  0, 0 CYC:617
01:29:19 [INFO] C97C  0038			A:FF X:00 Y:00 P:27 SP:FB PPU:  0, 0 CYC:619
01:29:19 [INFO] C97D  00B8			A:FF X:00 Y:00 P:27 SP:FB PPU:  0, 0 CYC:621
01:29:19 [INFO] C97E  00A9			A:FF X:00 Y:00 P:27 SP:FB PPU:  0, 0 CYC:623
01:29:19 [INFO] C980  0069			A:7F X:00 Y:00 P:25 SP:FB PPU:  0, 0 CYC:625
01:29:19 [INFO] C982  00D0			A:00 X:00 Y:00 P:27 SP:FB PPU:  0, 0 CYC:627
01:29:19 [INFO] C984  0030			A:00 X:00 Y:00 P:27 SP:FB PPU:  0, 0 CYC:629
01:29:19 [INFO] C986  0070			A:00 X:00 Y:00 P:27 SP:FB PPU:  0, 0 CYC:631
01:29:19 [INFO] C988  0090			A:00 X:00 Y:00 P:27 SP:FB PPU:  0, 0 CYC:633
01:29:19 [INFO] C98A  004C			A:00 X:00 Y:00 P:27 SP:FB PPU:  0, 0 CYC:635
01:29:19 [INFO] C991  00EA			A:00 X:00 Y:00 P:27 SP:FB PPU:  0, 0 CYC:638
01:29:19 [INFO] C992  0038			A:00 X:00 Y:00 P:27 SP:FB PPU:  0, 0 CYC:640
01:29:19 [INFO] C993  00B8			A:00 X:00 Y:00 P:27 SP:FB PPU:  0, 0 CYC:642
01:29:19 [INFO] C994  00A9			A:00 X:00 Y:00 P:27 SP:FB PPU:  0, 0 CYC:644
01:29:19 [INFO] C996  00F0			A:9F X:00 Y:00 P:A5 SP:FB PPU:  0, 0 CYC:646
01:29:19 [INFO] C998  0010			A:9F X:00 Y:00 P:A5 SP:FB PPU:  0, 0 CYC:648
01:29:19 [INFO] C99A  0070			A:9F X:00 Y:00 P:A5 SP:FB PPU:  0, 0 CYC:650
01:29:19 [INFO] C99C  0090			A:9F X:00 Y:00 P:A5 SP:FB PPU:  0, 0 CYC:652
01:29:19 [INFO] C99E  004C			A:9F X:00 Y:00 P:A5 SP:FB PPU:  0, 0 CYC:654
01:29:19 [INFO] C9A5  00EA			A:9F X:00 Y:00 P:A5 SP:FB PPU:  0, 0 CYC:657
01:29:19 [INFO] C9A6  0018			A:9F X:00 Y:00 P:A5 SP:FB PPU:  0, 0 CYC:659
01:29:19 [INFO] C9A7  0024			A:9F X:00 Y:00 P:A4 SP:FB PPU:  0, 0 CYC:661
01:29:19 [INFO] C9A9  00A9			A:9F X:00 Y:00 P:E4 SP:FB PPU:  0, 0 CYC:664
01:29:19 [INFO] C9AB  00D0			A:00 X:00 Y:00 P:66 SP:FB PPU:  0, 0 CYC:666
01:29:19 [INFO] C9AD  0030			A:00 X:00 Y:00 P:66 SP:FB PPU:  0, 0 CYC:668
01:29:19 [INFO] C9AF  0050			A:00 X:00 Y:00 P:66 SP:FB PPU:  0, 0 CYC:670
01:29:19 [INFO] C9B1  00B0			A:00 X:00 Y:00 P:66 SP:FB PPU:  0, 0 CYC:672
01:29:19 [INFO] C9B3  004C			A:00 X:00 Y:00 P:66 SP:FB PPU:  0, 0 CYC:674
01:29:19 [INFO] C9BA  00EA			A:00 X:00 Y:00 P:66 SP:FB PPU:  0, 0 CYC:677
01:29:19 [INFO] C9BB  0024			A:00 X:00 Y:00 P:66 SP:FB PPU:  0, 0 CYC:679
01:29:19 [INFO] C9BD  00A9			A:00 X:00 Y:00 P:E6 SP:FB PPU:  0, 0 CYC:682
01:29:19 [INFO] C9BF  00C9			A:40 X:00 Y:00 P:64 SP:FB PPU:  0, 0 CYC:684
01:29:19 [INFO] C9C1  0030			A:40 X:00 Y:00 P:67 SP:FB PPU:  0, 0 CYC:686
01:29:19 [INFO] C9C3  0090			A:40 X:00 Y:00 P:67 SP:FB PPU:  0, 0 CYC:688
01:29:19 [INFO] C9C5  00D0			A:40 X:00 Y:00 P:67 SP:FB PPU:  0, 0 CYC:690
01:29:19 [INFO] C9C7  0050			A:40 X:00 Y:00 P:67 SP:FB PPU:  0, 0 CYC:692
01:29:19 [INFO] C9C9  004C			A:40 X:00 Y:00 P:67 SP:FB PPU:  0, 0 CYC:694
01:29:19 [INFO] C9D0  00EA			A:40 X:00 Y:00 P:67 SP:FB PPU:  0, 0 CYC:697
01:29:19 [INFO] C9D1  00B8			A:40 X:00 Y:00 P:67 SP:FB PPU:  0, 0 CYC:699
01:29:19 [INFO] C9D2  00C9			A:40 X:00 Y:00 P:27 SP:FB PPU:  0, 0 CYC:701
01:29:19 [INFO] C9D4  00F0			A:40 X:00 Y:00 P:25 SP:FB PPU:  0, 0 CYC:703
01:29:19 [INFO] C9D6  0030			A:40 X:00 Y:00 P:25 SP:FB PPU:  0, 0 CYC:705
01:29:19 [INFO] C9D8  0090			A:40 X:00 Y:00 P:25 SP:FB PPU:  0, 0 CYC:707
01:29:19 [INFO] C9DA  0070			A:40 X:00 Y:00 P:25 SP:FB PPU:  0, 0 CYC:709
01:29:19 [INFO] C9DC  004C			A:40 X:00 Y:00 P:25 SP:FB PPU:  0, 0 CYC:711
01:29:19 [INFO] C9E3  00EA			A:40 X:00 Y:00 P:25 SP:FB PPU:  0, 0 CYC:714
01:29:19 [INFO] C9E4  00C9			A:40 X:00 Y:00 P:25 SP:FB PPU:  0, 0 CYC:716
01:29:19 [INFO] C9E6  00F0			A:40 X:00 Y:00 P:24 SP:FB PPU:  0, 0 CYC:718
01:29:19 [INFO] C9E8  0010			A:40 X:00 Y:00 P:24 SP:FB PPU:  0, 0 CYC:720
01:29:19 [INFO] C9EF  00A2			A:40 X:00 Y:00 P:24 SP:FB PPU:  0, 0 CYC:723
01:29:19 [INFO] C9F1  0086			A:40 X:26 Y:00 P:24 SP:FB PPU:  0, 0 CYC:725
01:29:19 [INFO] C9F3  00EA			A:40 X:26 Y:00 P:24 SP:FB PPU:  0, 0 CYC:728
01:29:19 [INFO] C9F4  00A9			A:40 X:26 Y:00 P:24 SP:FB PPU:  0, 0 CYC:730
01:29:19 [INFO] C9F6  00C9			A:80 X:26 Y:00 P:A4 SP:FB PPU:  0, 0 CYC:732
01:29:19 [INFO] C9F8  00F0			A:80 X:26 Y:00 P:25 SP:FB PPU:  0, 0 CYC:734
01:29:19 [INFO] C9FA  0010			A:80 X:26 Y:00 P:25 SP:FB PPU:  0, 0 CYC:736
01:29:19 [INFO] CA01  00A2			A:80 X:26 Y:00 P:25 SP:FB PPU:  0, 0 CYC:739
01:29:19 [INFO] CA03  0086			A:80 X:27 Y:00 P:25 SP:FB PPU:  0, 0 CYC:741
01:29:19 [INFO] CA05  00EA			A:80 X:27 Y:00 P:25 SP:FB PPU:  0, 0 CYC:744
01:29:19 [INFO] CA06  00C9			A:80 X:27 Y:00 P:25 SP:FB PPU:  0, 0 CYC:746
01:29:19 [INFO] CA08  00D0			A:80 X:27 Y:00 P:27 SP:FB PPU:  0, 0 CYC:748
01:29:19 [INFO] CA0A  0030			A:80 X:27 Y:00 P:27 SP:FB PPU:  0, 0 CYC:750
01:29:19 [INFO] CA0C  0090			A:80 X:27 Y:00 P:27 SP:FB PPU:  0, 0 CYC:752
01:29:19 [INFO] CA0E  004C			A:80 X:27 Y:00 P:27 SP:FB PPU:  0, 0 CYC:754
01:29:19 [INFO] CA15  00EA			A:80 X:27 Y:00 P:27 SP:FB PPU:  0, 0 CYC:757
01:29:19 [INFO] CA16  00C9			A:80 X:27 Y:00 P:27 SP:FB PPU:  0, 0 CYC:759
01:29:19 [INFO] CA18  00B0			A:80 X:27 Y:00 P:24 SP:FB PPU:  0, 0 CYC:761
01:29:19 [INFO] CA1A  00F0			A:80 X:27 Y:00 P:24 SP:FB PPU:  0, 0 CYC:763
01:29:19 [INFO] CA1C  0010			A:80 X:27 Y:00 P:24 SP:FB PPU:  0, 0 CYC:765
01:29:19 [INFO] CA21  00A2			A:80 X:27 Y:00 P:24 SP:FB PPU:  0, 0 CYC:768
01:29:19 [INFO] CA23  0086			A:80 X:29 Y:00 P:24 SP:FB PPU:  0, 0 CYC:770
01:29:19 [INFO] CA25  00EA			A:80 X:29 Y:00 P:24 SP:FB PPU:  0, 0 CYC:773
01:29:19 [INFO] CA26  00C9			A:80 X:29 Y:00 P:24 SP:FB PPU:  0, 0 CYC:775
01:29:19 [INFO] CA28  0090			A:80 X:29 Y:00 P:25 SP:FB PPU:  0, 0 CYC:777
01:29:19 [INFO] CA2A  00F0			A:80 X:29 Y:00 P:25 SP:FB PPU:  0, 0 CYC:779
01:29:19 [INFO] CA2C  0030			A:80 X:29 Y:00 P:25 SP:FB PPU:  0, 0 CYC:781
01:29:19 [INFO] CA2E  004C			A:80 X:29 Y:00 P:25 SP:FB PPU:  0, 0 CYC:783
01:29:19 [INFO] CA35  00EA			A:80 X:29 Y:00 P:25 SP:FB PPU:  0, 0 CYC:786
01:29:19 [INFO] CA36  0024			A:80 X:29 Y:00 P:25 SP:FB PPU:  0, 0 CYC:788
01:29:19 [INFO] CA38  00A0			A:80 X:29 Y:00 P:E5 SP:FB PPU:  0, 0 CYC:791
01:29:19 [INFO] CA3A  00C0			A:80 X:29 Y:40 P:65 SP:FB PPU:  0, 0 CYC:793
01:29:19 [INFO] CA3C  00D0			A:80 X:29 Y:40 P:67 SP:FB PPU:  0, 0 CYC:795
01:29:19 [INFO] CA3E  0030			A:80 X:29 Y:40 P:67 SP:FB PPU:  0, 0 CYC:797
01:29:19 [INFO] CA40  0090			A:80 X:29 Y:40 P:67 SP:FB PPU:  0, 0 CYC:799
01:29:19 [INFO] CA42  0050			A:80 X:29 Y:40 P:67 SP:FB PPU:  0, 0 CYC:801
01:29:19 [INFO] CA44  004C			A:80 X:29 Y:40 P:67 SP:FB PPU:  0, 0 CYC:803
01:29:19 [INFO] CA4B  00EA			A:80 X:29 Y:40 P:67 SP:FB PPU:  0, 0 CYC:806
01:29:19 [INFO] CA4C  00B8			A:80 X:29 Y:40 P:67 SP:FB PPU:  0, 0 CYC:808
01:29:19 [INFO] CA4D  00C0			A:80 X:29 Y:40 P:27 SP:FB PPU:  0, 0 CYC:810
01:29:19 [INFO] CA4F  00F0			A:80 X:29 Y:40 P:25 SP:FB PPU:  0, 0 CYC:812
01:29:19 [INFO] CA51  0030			A:80 X:29 Y:40 P:25 SP:FB PPU:  0, 0 CYC:814
01:29:19 [INFO] CA53  0090			A:80 X:29 Y:40 P:25 SP:FB PPU:  0, 0 CYC:816
01:29:19 [INFO] CA55  0070			A:80 X:29 Y:40 P:25 SP:FB PPU:  0, 0 CYC:818
01:29:19 [INFO] CA57  004C			A:80 X:29 Y:40 P:25 SP:FB PPU:  0, 0 CYC:820
01:29:19 [INFO] CA5E  00EA			A:80 X:29 Y:40 P:25 SP:FB PPU:  0, 0 CYC:823
01:29:19 [INFO] CA5F  00C0			A:80 X:29 Y:40 P:25 SP:FB PPU:  0, 0 CYC:825
01:29:19 [INFO] CA61  00F0			A:80 X:29 Y:40 P:A4 SP:FB PPU:  0, 0 CYC:827
01:29:19 [INFO] CA63  0010			A:80 X:29 Y:40 P:A4 SP:FB PPU:  0, 0 CYC:829
01:29:19 [INFO] CA65  0010			A:80 X:29 Y:40 P:A4 SP:FB PPU:  0, 0 CYC:831
01:29:19 [INFO] CA67  004C			A:80 X:29 Y:40 P:A4 SP:FB PPU:  0, 0 CYC:833
01:29:19 [INFO] CA6E  00EA			A:80 X:29 Y:40 P:A4 SP:FB PPU:  0, 0 CYC:836
01:29:19 [INFO] CA6F  00A0			A:80 X:29 Y:40 P:A4 SP:FB PPU:  0, 0 CYC:838
01:29:19 [INFO] CA71  00C0			A:80 X:29 Y:80 P:A4 SP:FB PPU:  0, 0 CYC:840
01:29:19 [INFO] CA73  00F0			A:80 X:29 Y:80 P:25 SP:FB PPU:  0, 0 CYC:842
01:29:19 [INFO] CA75  0010			A:80 X:29 Y:80 P:25 SP:FB PPU:  0, 0 CYC:844
01:29:19 [INFO] CA7C  00A2			A:80 X:29 Y:80 P:25 SP:FB PPU:  0, 0 CYC:847
01:29:19 [INFO] CA7E  0086			A:80 X:2E Y:80 P:25 SP:FB PPU:  0, 0 CYC:849
01:29:19 [INFO] CA80  00EA			A:80 X:2E Y:80 P:25 SP:FB PPU:  0, 0 CYC:852
01:29:19 [INFO] CA81  00C0			A:80 X:2E Y:80 P:25 SP:FB PPU:  0, 0 CYC:854
01:29:19 [INFO] CA83  00D0			A:80 X:2E Y:80 P:27 SP:FB PPU:  0, 0 CYC:856
01:29:19 [INFO] CA85  0030			A:80 X:2E Y:80 P:27 SP:FB PPU:  0, 0 CYC:858
01:29:19 [INFO] CA87  0090			A:80 X:2E Y:80 P:27 SP:FB PPU:  0, 0 CYC:860
01:29:19 [INFO] CA89  004C			A:80 X:2E Y:80 P:27 SP:FB PPU:  0, 0 CYC:862
01:29:19 [INFO] CA90  00EA			A:80 X:2E Y:80 P:27 SP:FB PPU:  0, 0 CYC:865
01:29:19 [INFO] CA91  00C0			A:80 X:2E Y:80 P:27 SP:FB PPU:  0, 0 CYC:867
01:29:19 [INFO] CA93  00B0			A:80 X:2E Y:80 P:A4 SP:FB PPU:  0, 0 CYC:869
01:29:19 [INFO] CA95  00F0			A:80 X:2E Y:80 P:A4 SP:FB PPU:  0, 0 CYC:871
01:29:19 [INFO] CA97  0010			A:80 X:2E Y:80 P:A4 SP:FB PPU:  0, 0 CYC:873
01:29:19 [INFO] CA99  004C			A:80 X:2E Y:80 P:A4 SP:FB PPU:  0, 0 CYC:875
01:29:19 [INFO] CAA0  00EA			A:80 X:2E Y:80 P:A4 SP:FB PPU:  0, 0 CYC:878
01:29:19 [INFO] CAA1  00C0			A:80 X:2E Y:80 P:A4 SP:FB PPU:  0, 0 CYC:880
01:29:19 [INFO] CAA3  0090			A:80 X:2E Y:80 P:25 SP:FB PPU:  0, 0 CYC:882
01:29:19 [INFO] CAA5  00F0			A:80 X:2E Y:80 P:25 SP:FB PPU:  0, 0 CYC:884
01:29:19 [INFO] CAA7  0030			A:80 X:2E Y:80 P:25 SP:FB PPU:  0, 0 CYC:886
01:29:19 [INFO] CAA9  004C			A:80 X:2E Y:80 P:25 SP:FB PPU:  0, 0 CYC:888
01:29:19 [INFO] CAB0  00EA			A:80 X:2E Y:80 P:25 SP:FB PPU:  0, 0 CYC:891
01:29:19 [INFO] CAB1  0024			A:80 X:2E Y:80 P:25 SP:FB PPU:  0, 0 CYC:893
01:29:19 [INFO] CAB3  00A2			A:80 X:2E Y:80 P:E5 SP:FB PPU:  0, 0 CYC:896
01:29:19 [INFO] CAB5  00E0			A:80 X:40 Y:80 P:65 SP:FB PPU:  0, 0 CYC:898
01:29:19 [INFO] CAB7  00D0			A:80 X:40 Y:80 P:67 SP:FB PPU:  0, 0 CYC:900
01:29:19 [INFO] CAB9  0030			A:80 X:40 Y:80 P:67 SP:FB PPU:  0, 0 CYC:902
01:29:19 [INFO] CABB  0090			A:80 X:40 Y:80 P:67 SP:FB PPU:  0, 0 CYC:904
01:29:19 [INFO] CABD  0050			A:80 X:40 Y:80 P:67 SP:FB PPU:  0, 0 CYC:906
01:29:19 [INFO] CABF  004C			A:80 X:40 Y:80 P:67 SP:FB PPU:  0, 0 CYC:908
01:29:19 [INFO] CAC6  00EA			A:80 X:40 Y:80 P:67 SP:FB PPU:  0, 0 CYC:911
01:29:19 [INFO] CAC7  00B8			A:80 X:40 Y:80 P:67 SP:FB PPU:  0, 0 CYC:913
01:29:19 [INFO] CAC8  00E0			A:80 X:40 Y:80 P:27 SP:FB PPU:  0, 0 CYC:915
01:29:19 [INFO] CACA  00F0			A:80 X:40 Y:80 P:25 SP:FB PPU:  0, 0 CYC:917
01:29:19 [INFO] CACC  0030			A:80 X:40 Y:80 P:25 SP:FB PPU:  0, 0 CYC:919
01:29:19 [INFO] CACE  0090			A:80 X:40 Y:80 P:25 SP:FB PPU:  0, 0 CYC:921
01:29:19 [INFO] CAD0  0070			A:80 X:40 Y:80 P:25 SP:FB PPU:  0, 0 CYC:923
01:29:19 [INFO] CAD2  004C			A:80 X:40 Y:80 P:25 SP:FB PPU:  0, 0 CYC:925
01:29:19 [INFO] CAD9  00EA			A:80 X:40 Y:80 P:25 SP:FB PPU:  0, 0 CYC:928
01:29:19 [INFO] CADA  00E0			A:80 X:40 Y:80 P:25 SP:FB PPU:  0, 0 CYC:930
01:29:19 [INFO] CADC  00F0			A:80 X:40 Y:80 P:A4 SP:FB PPU:  0, 0 CYC:932
01:29:19 [INFO] CADE  0010			A:80 X:40 Y:80 P:A4 SP:FB PPU:  0, 0 CYC:934
01:29:19 [INFO] CAE0  0010			A:80 X:40 Y:80 P:A4 SP:FB PPU:  0, 0 CYC:936
01:29:19 [INFO] CAE2  004C			A:80 X:40 Y:80 P:A4 SP:FB PPU:  0, 0 CYC:938
01:29:19 [INFO] CAE9  00EA			A:80 X:40 Y:80 P:A4 SP:FB PPU:  0, 0 CYC:941
01:29:19 [INFO] CAEA  00A2			A:80 X:40 Y:80 P:A4 SP:FB PPU:  0, 0 CYC:943
01:29:19 [INFO] CAEC  00E0			A:80 X:80 Y:80 P:A4 SP:FB PPU:  0, 0 CYC:945
01:29:19 [INFO] CAEE  00F0			A:80 X:80 Y:80 P:25 SP:FB PPU:  0, 0 CYC:947
01:29:19 [INFO] CAF0  0010			A:80 X:80 Y:80 P:25 SP:FB PPU:  0, 0 CYC:949
01:29:19 [INFO] CAF7  00A9			A:80 X:80 Y:80 P:25 SP:FB PPU:  0, 0 CYC:952
01:29:19 [INFO] CAF9  0085			A:35 X:80 Y:80 P:25 SP:FB PPU:  0, 0 CYC:954
01:29:19 [INFO] CAFB  00EA			A:35 X:80 Y:80 P:25 SP:FB PPU:  0, 0 CYC:957
01:29:19 [INFO] CAFC  00E0			A:35 X:80 Y:80 P:25 SP:FB PPU:  0, 0 CYC:959
01:29:19 [INFO] CAFE  00D0			A:35 X:80 Y:80 P:27 SP:FB PPU:  0, 0 CYC:961
01:29:19 [INFO] CB00  0030			A:35 X:80 Y:80 P:27 SP:FB PPU:  0, 0 CYC:963
01:29:19 [INFO] CB02  0090			A:35 X:80 Y:80 P:27 SP:FB PPU:  0, 0 CYC:965
01:29:19 [INFO] CB04  004C			A:35 X:80 Y:80 P:27 SP:FB PPU:  0, 0 CYC:967
01:29:19 [INFO] CB0B  00EA			A:35 X:80 Y:80 P:27 SP:FB PPU:  0, 0 CYC:970
01:29:19 [INFO] CB0C  00E0			A:35 X:80 Y:80 P:27 SP:FB PPU:  0, 0 CYC:972
01:29:19 [INFO] CB0E  00B0			A:35 X:80 Y:80 P:A4 SP:FB PPU:  0, 0 CYC:974
01:29:19 [INFO] CB10  00F0			A:35 X:80 Y:80 P:A4 SP:FB PPU:  0, 0 CYC:976
01:29:19 [INFO] CB12  0010			A:35 X:80 Y:80 P:A4 SP:FB PPU:  0, 0 CYC:978
01:29:19 [INFO] CB14  004C			A:35 X:80 Y:80 P:A4 SP:FB PPU:  0, 0 CYC:980
01:29:19 [INFO] CB1B  00EA			A:35 X:80 Y:80 P:A4 SP:FB PPU:  0, 0 CYC:983
01:29:19 [INFO] CB1C  00E0			A:35 X:80 Y:80 P:A4 SP:FB PPU:  0, 0 CYC:985
01:29:19 [INFO] CB1E  0090			A:35 X:80 Y:80 P:25 SP:FB PPU:  0, 0 CYC:987
01:29:19 [INFO] CB20  00F0			A:35 X:80 Y:80 P:25 SP:FB PPU:  0, 0 CYC:989
01:29:19 [INFO] CB22  0030			A:35 X:80 Y:80 P:25 SP:FB PPU:  0, 0 CYC:991
01:29:19 [INFO] CB24  004C			A:35 X:80 Y:80 P:25 SP:FB PPU:  0, 0 CYC:993
01:29:19 [INFO] CB2B  00EA			A:35 X:80 Y:80 P:25 SP:FB PPU:  0, 0 CYC:996
01:29:19 [INFO] CB2C  0038			A:35 X:80 Y:80 P:25 SP:FB PPU:  0, 0 CYC:998
01:29:19 [INFO] CB2D  00B8			A:35 X:80 Y:80 P:25 SP:FB PPU:  0, 0 CYC:1000
